<?xml version="1.0" encoding="UTF-8"?>
<!-- Generated by org.testng.reporters.JUnitXMLReporter -->
<testsuite hostname="Agnibhas-MacBook-Air.local" ignored="1" name="Default test" tests="1" failures="0" timestamp="08 Jan 2018 14:50:19 GMT" time="9.101" errors="0">
  <testcase name="loginVerifyTextSanity" time="3.902" classname="testCasePack.TC001_LoginSanity"/>
  <testcase name="zabc" time="0.0" classname="testCasePack.TC001_LoginSanity">
    <ignored/>
  </testcase> <!-- zabc -->
</testsuite> <!-- Default test -->
