<?xml version="1.0" encoding="UTF-8"?>
<!-- Generated by org.testng.reporters.JUnitXMLReporter -->
<testsuite hostname="Agnibhas-MacBook-Air.local" ignored="2" name="HomePageTest" tests="2" failures="0" timestamp="08 Jan 2018 14:55:05 GMT" time="13.165" errors="0">
  <testcase name="loginVerifyTextSanity" time="0.023" classname="testCasePack.TC001_LoginSanity"/>
  <testcase name="UserVerify" time="4.345" classname="testCasePack.TC002_UserVerify"/>
  <testcase name="zabc" time="0.0" classname="testCasePack.TC001_LoginSanity">
    <ignored/>
  </testcase> <!-- zabc -->
  <testcase name="@AfterSuite afterSuite" time="0.0" classname="testCasePack.BaseScenarios">
    <ignored/>
  </testcase> <!-- @AfterSuite afterSuite -->
</testsuite> <!-- HomePageTest -->
